INFO - 2024-04-26 06:20:09 --> Session: Class initialized using 'CodeIgniter\Session\Handlers\FileHandler' driver.
INFO - 2024-04-26 06:20:10 --> Session: Class initialized using 'CodeIgniter\Session\Handlers\FileHandler' driver.
INFO - 2024-04-26 06:20:14 --> Session: Class initialized using 'CodeIgniter\Session\Handlers\FileHandler' driver.
INFO - 2024-04-26 06:20:14 --> Session: Class initialized using 'CodeIgniter\Session\Handlers\FileHandler' driver.
INFO - 2024-04-26 06:20:20 --> Session: Class initialized using 'CodeIgniter\Session\Handlers\FileHandler' driver.
INFO - 2024-04-26 06:21:02 --> Session: Class initialized using 'CodeIgniter\Session\Handlers\FileHandler' driver.
INFO - 2024-04-26 06:21:08 --> Session: Class initialized using 'CodeIgniter\Session\Handlers\FileHandler' driver.
INFO - 2024-04-26 06:40:02 --> Session: Class initialized using 'CodeIgniter\Session\Handlers\FileHandler' driver.
INFO - 2024-04-26 06:44:25 --> Session: Class initialized using 'CodeIgniter\Session\Handlers\FileHandler' driver.
INFO - 2024-04-26 06:47:36 --> Session: Class initialized using 'CodeIgniter\Session\Handlers\FileHandler' driver.
INFO - 2024-04-26 06:48:06 --> Session: Class initialized using 'CodeIgniter\Session\Handlers\FileHandler' driver.
INFO - 2024-04-26 08:34:28 --> Session: Class initialized using 'CodeIgniter\Session\Handlers\FileHandler' driver.
CRITICAL - 2024-04-26 09:48:39 --> CodeIgniter\View\Exceptions\ViewException: Invalid file: "layouts.templates.header"
in SYSTEMPATH/Exceptions/FrameworkException.php on line 39.
 1 SYSTEMPATH/View/View.php(216): CodeIgniter\Exceptions\FrameworkException::forInvalidFile()
 2 SYSTEMPATH/Common.php(1178): CodeIgniter\View\View->render()
 3 APPPATH/Controllers/NosvinsController.php(34): view()
 4 SYSTEMPATH/CodeIgniter.php(941): App\Controllers\NosvinsController->ProductLookupById()
 5 SYSTEMPATH/CodeIgniter.php(502): CodeIgniter\CodeIgniter->runController()
 6 SYSTEMPATH/CodeIgniter.php(361): CodeIgniter\CodeIgniter->handleRequest()
 7 FCPATH/index.php(79): CodeIgniter\CodeIgniter->run()
 8 SYSTEMPATH/Commands/Server/rewrite.php(47): require_once('/home/tony/Documents/site suzanne tony wine/wineshoop/public/index.php')
CRITICAL - 2024-04-26 09:49:41 --> CodeIgniter\View\Exceptions\ViewException: Invalid file: "layouts.templates/header.php"
in SYSTEMPATH/Exceptions/FrameworkException.php on line 39.
 1 SYSTEMPATH/View/View.php(216): CodeIgniter\Exceptions\FrameworkException::forInvalidFile()
 2 SYSTEMPATH/Common.php(1178): CodeIgniter\View\View->render()
 3 APPPATH/Controllers/NosvinsController.php(34): view()
 4 SYSTEMPATH/CodeIgniter.php(941): App\Controllers\NosvinsController->ProductLookupById()
 5 SYSTEMPATH/CodeIgniter.php(502): CodeIgniter\CodeIgniter->runController()
 6 SYSTEMPATH/CodeIgniter.php(361): CodeIgniter\CodeIgniter->handleRequest()
 7 FCPATH/index.php(79): CodeIgniter\CodeIgniter->run()
 8 SYSTEMPATH/Commands/Server/rewrite.php(47): require_once('/home/tony/Documents/site suzanne tony wine/wineshoop/public/index.php')
INFO - 2024-04-26 09:50:08 --> Session: Class initialized using 'CodeIgniter\Session\Handlers\FileHandler' driver.
CRITICAL - 2024-04-26 09:50:08 --> TypeError: CodeIgniter\Database\BaseBuilder::get(): Argument #1 ($limit) must be of type ?int, string given, called in /home/tony/Documents/site suzanne tony wine/wineshoop/app/Models/NosvinsModel.php on line 57
in SYSTEMPATH/Database/BaseBuilder.php on line 1608.
 1 APPPATH/Models/NosvinsModel.php(57): CodeIgniter\Database\BaseBuilder->get()
 2 APPPATH/Controllers/NosvinsController.php(31): App\Models\NosvinsModel->ProductLookupById()
 3 SYSTEMPATH/CodeIgniter.php(941): App\Controllers\NosvinsController->ProductLookupById()
 4 SYSTEMPATH/CodeIgniter.php(502): CodeIgniter\CodeIgniter->runController()
 5 SYSTEMPATH/CodeIgniter.php(361): CodeIgniter\CodeIgniter->handleRequest()
 6 FCPATH/index.php(79): CodeIgniter\CodeIgniter->run()
 7 SYSTEMPATH/Commands/Server/rewrite.php(47): require_once('/home/tony/Documents/site suzanne tony wine/wineshoop/public/index.php')
CRITICAL - 2024-04-26 09:50:09 --> TypeError: CodeIgniter\Database\BaseBuilder::get(): Argument #1 ($limit) must be of type ?int, string given, called in /home/tony/Documents/site suzanne tony wine/wineshoop/app/Models/NosvinsModel.php on line 57
in SYSTEMPATH/Database/BaseBuilder.php on line 1608.
 1 APPPATH/Models/NosvinsModel.php(57): CodeIgniter\Database\BaseBuilder->get()
 2 APPPATH/Controllers/NosvinsController.php(31): App\Models\NosvinsModel->ProductLookupById()
 3 SYSTEMPATH/CodeIgniter.php(941): App\Controllers\NosvinsController->ProductLookupById()
 4 SYSTEMPATH/CodeIgniter.php(502): CodeIgniter\CodeIgniter->runController()
 5 SYSTEMPATH/CodeIgniter.php(361): CodeIgniter\CodeIgniter->handleRequest()
 6 FCPATH/index.php(79): CodeIgniter\CodeIgniter->run()
 7 SYSTEMPATH/Commands/Server/rewrite.php(47): require_once('/home/tony/Documents/site suzanne tony wine/wineshoop/public/index.php')
INFO - 2024-04-26 10:36:40 --> Session: Class initialized using 'CodeIgniter\Session\Handlers\FileHandler' driver.
CRITICAL - 2024-04-26 10:36:40 --> TypeError: CodeIgniter\Database\BaseBuilder::get(): Argument #1 ($limit) must be of type ?int, string given, called in /home/tony/Documents/site suzanne tony wine/wineshoop/app/Models/NosvinsModel.php on line 57
in SYSTEMPATH/Database/BaseBuilder.php on line 1608.
 1 APPPATH/Models/NosvinsModel.php(57): CodeIgniter\Database\BaseBuilder->get()
 2 APPPATH/Controllers/NosvinsController.php(31): App\Models\NosvinsModel->ProductLookupById()
 3 SYSTEMPATH/CodeIgniter.php(941): App\Controllers\NosvinsController->ProductLookupById()
 4 SYSTEMPATH/CodeIgniter.php(502): CodeIgniter\CodeIgniter->runController()
 5 SYSTEMPATH/CodeIgniter.php(361): CodeIgniter\CodeIgniter->handleRequest()
 6 FCPATH/index.php(79): CodeIgniter\CodeIgniter->run()
 7 SYSTEMPATH/Commands/Server/rewrite.php(47): require_once('/home/tony/Documents/site suzanne tony wine/wineshoop/public/index.php')
CRITICAL - 2024-04-26 10:36:40 --> TypeError: CodeIgniter\Database\BaseBuilder::get(): Argument #1 ($limit) must be of type ?int, string given, called in /home/tony/Documents/site suzanne tony wine/wineshoop/app/Models/NosvinsModel.php on line 57
in SYSTEMPATH/Database/BaseBuilder.php on line 1608.
 1 APPPATH/Models/NosvinsModel.php(57): CodeIgniter\Database\BaseBuilder->get()
 2 APPPATH/Controllers/NosvinsController.php(31): App\Models\NosvinsModel->ProductLookupById()
 3 SYSTEMPATH/CodeIgniter.php(941): App\Controllers\NosvinsController->ProductLookupById()
 4 SYSTEMPATH/CodeIgniter.php(502): CodeIgniter\CodeIgniter->runController()
 5 SYSTEMPATH/CodeIgniter.php(361): CodeIgniter\CodeIgniter->handleRequest()
 6 FCPATH/index.php(79): CodeIgniter\CodeIgniter->run()
 7 SYSTEMPATH/Commands/Server/rewrite.php(47): require_once('/home/tony/Documents/site suzanne tony wine/wineshoop/public/index.php')
INFO - 2024-04-26 10:39:01 --> Session: Class initialized using 'CodeIgniter\Session\Handlers\FileHandler' driver.
CRITICAL - 2024-04-26 10:39:01 --> TypeError: CodeIgniter\Database\BaseBuilder::get(): Argument #1 ($limit) must be of type ?int, string given, called in /home/tony/Documents/site suzanne tony wine/wineshoop/app/Models/NosvinsModel.php on line 57
in SYSTEMPATH/Database/BaseBuilder.php on line 1608.
 1 APPPATH/Models/NosvinsModel.php(57): CodeIgniter\Database\BaseBuilder->get()
 2 APPPATH/Controllers/NosvinsController.php(31): App\Models\NosvinsModel->ProductLookupById()
 3 SYSTEMPATH/CodeIgniter.php(941): App\Controllers\NosvinsController->ProductLookupById()
 4 SYSTEMPATH/CodeIgniter.php(502): CodeIgniter\CodeIgniter->runController()
 5 SYSTEMPATH/CodeIgniter.php(361): CodeIgniter\CodeIgniter->handleRequest()
 6 FCPATH/index.php(79): CodeIgniter\CodeIgniter->run()
 7 SYSTEMPATH/Commands/Server/rewrite.php(47): require_once('/home/tony/Documents/site suzanne tony wine/wineshoop/public/index.php')
CRITICAL - 2024-04-26 10:39:02 --> TypeError: CodeIgniter\Database\BaseBuilder::get(): Argument #1 ($limit) must be of type ?int, string given, called in /home/tony/Documents/site suzanne tony wine/wineshoop/app/Models/NosvinsModel.php on line 57
in SYSTEMPATH/Database/BaseBuilder.php on line 1608.
 1 APPPATH/Models/NosvinsModel.php(57): CodeIgniter\Database\BaseBuilder->get()
 2 APPPATH/Controllers/NosvinsController.php(31): App\Models\NosvinsModel->ProductLookupById()
 3 SYSTEMPATH/CodeIgniter.php(941): App\Controllers\NosvinsController->ProductLookupById()
 4 SYSTEMPATH/CodeIgniter.php(502): CodeIgniter\CodeIgniter->runController()
 5 SYSTEMPATH/CodeIgniter.php(361): CodeIgniter\CodeIgniter->handleRequest()
 6 FCPATH/index.php(79): CodeIgniter\CodeIgniter->run()
 7 SYSTEMPATH/Commands/Server/rewrite.php(47): require_once('/home/tony/Documents/site suzanne tony wine/wineshoop/public/index.php')
INFO - 2024-04-26 10:39:48 --> Session: Class initialized using 'CodeIgniter\Session\Handlers\FileHandler' driver.
CRITICAL - 2024-04-26 10:39:48 --> TypeError: CodeIgniter\Database\BaseBuilder::get(): Argument #1 ($limit) must be of type ?int, string given, called in /home/tony/Documents/site suzanne tony wine/wineshoop/app/Models/NosvinsModel.php on line 57
in SYSTEMPATH/Database/BaseBuilder.php on line 1608.
 1 APPPATH/Models/NosvinsModel.php(57): CodeIgniter\Database\BaseBuilder->get()
 2 APPPATH/Controllers/NosvinsController.php(31): App\Models\NosvinsModel->ProductLookupById()
 3 SYSTEMPATH/CodeIgniter.php(941): App\Controllers\NosvinsController->ProductLookupById()
 4 SYSTEMPATH/CodeIgniter.php(502): CodeIgniter\CodeIgniter->runController()
 5 SYSTEMPATH/CodeIgniter.php(361): CodeIgniter\CodeIgniter->handleRequest()
 6 FCPATH/index.php(79): CodeIgniter\CodeIgniter->run()
 7 SYSTEMPATH/Commands/Server/rewrite.php(47): require_once('/home/tony/Documents/site suzanne tony wine/wineshoop/public/index.php')
INFO - 2024-04-26 10:41:33 --> Session: Class initialized using 'CodeIgniter\Session\Handlers\FileHandler' driver.
CRITICAL - 2024-04-26 10:41:33 --> TypeError: CodeIgniter\Database\BaseBuilder::get(): Argument #1 ($limit) must be of type ?int, string given, called in /home/tony/Documents/site suzanne tony wine/wineshoop/app/Models/NosvinsModel.php on line 57
in SYSTEMPATH/Database/BaseBuilder.php on line 1608.
 1 APPPATH/Models/NosvinsModel.php(57): CodeIgniter\Database\BaseBuilder->get()
 2 APPPATH/Controllers/NosvinsController.php(31): App\Models\NosvinsModel->ProductLookupById()
 3 SYSTEMPATH/CodeIgniter.php(941): App\Controllers\NosvinsController->ProductLookupById()
 4 SYSTEMPATH/CodeIgniter.php(502): CodeIgniter\CodeIgniter->runController()
 5 SYSTEMPATH/CodeIgniter.php(361): CodeIgniter\CodeIgniter->handleRequest()
 6 FCPATH/index.php(79): CodeIgniter\CodeIgniter->run()
 7 SYSTEMPATH/Commands/Server/rewrite.php(47): require_once('/home/tony/Documents/site suzanne tony wine/wineshoop/public/index.php')
CRITICAL - 2024-04-26 10:42:16 --> ErrorException: Undefined variable $bot
in APPPATH/Views/pages/shopping.php on line 274.
 1 APPPATH/Views/pages/shopping.php(274): CodeIgniter\Debug\Exceptions->errorHandler()
 2 SYSTEMPATH/View/View.php(228): include('/home/tony/Documents/site suzanne tony wine/wineshoop/app/Views/pages/shopping.php')
 3 SYSTEMPATH/View/View.php(231): CodeIgniter\View\View->CodeIgniter\View\{closure}()
 4 SYSTEMPATH/Common.php(1178): CodeIgniter\View\View->render()
 5 APPPATH/Controllers/NosvinsController.php(35): view()
 6 SYSTEMPATH/CodeIgniter.php(941): App\Controllers\NosvinsController->ProductLookupById()
 7 SYSTEMPATH/CodeIgniter.php(502): CodeIgniter\CodeIgniter->runController()
 8 SYSTEMPATH/CodeIgniter.php(361): CodeIgniter\CodeIgniter->handleRequest()
 9 FCPATH/index.php(79): CodeIgniter\CodeIgniter->run()
10 SYSTEMPATH/Commands/Server/rewrite.php(47): require_once('/home/tony/Documents/site suzanne tony wine/wineshoop/public/index.php')
INFO - 2024-04-26 10:42:39 --> Session: Class initialized using 'CodeIgniter\Session\Handlers\FileHandler' driver.
CRITICAL - 2024-04-26 10:42:40 --> TypeError: CodeIgniter\Database\BaseBuilder::get(): Argument #1 ($limit) must be of type ?int, string given, called in /home/tony/Documents/site suzanne tony wine/wineshoop/app/Models/NosvinsModel.php on line 57
in SYSTEMPATH/Database/BaseBuilder.php on line 1608.
 1 APPPATH/Models/NosvinsModel.php(57): CodeIgniter\Database\BaseBuilder->get()
 2 APPPATH/Controllers/NosvinsController.php(31): App\Models\NosvinsModel->ProductLookupById()
 3 SYSTEMPATH/CodeIgniter.php(941): App\Controllers\NosvinsController->ProductLookupById()
 4 SYSTEMPATH/CodeIgniter.php(502): CodeIgniter\CodeIgniter->runController()
 5 SYSTEMPATH/CodeIgniter.php(361): CodeIgniter\CodeIgniter->handleRequest()
 6 FCPATH/index.php(79): CodeIgniter\CodeIgniter->run()
 7 SYSTEMPATH/Commands/Server/rewrite.php(47): require_once('/home/tony/Documents/site suzanne tony wine/wineshoop/public/index.php')
INFO - 2024-04-26 10:43:33 --> Session: Class initialized using 'CodeIgniter\Session\Handlers\FileHandler' driver.
INFO - 2024-04-26 10:44:00 --> Session: Class initialized using 'CodeIgniter\Session\Handlers\FileHandler' driver.
INFO - 2024-04-26 10:45:59 --> Session: Class initialized using 'CodeIgniter\Session\Handlers\FileHandler' driver.
INFO - 2024-04-26 10:47:03 --> Session: Class initialized using 'CodeIgniter\Session\Handlers\FileHandler' driver.
INFO - 2024-04-26 10:47:13 --> Session: Class initialized using 'CodeIgniter\Session\Handlers\FileHandler' driver.
INFO - 2024-04-26 10:47:18 --> Session: Class initialized using 'CodeIgniter\Session\Handlers\FileHandler' driver.
INFO - 2024-04-26 10:47:26 --> Session: Class initialized using 'CodeIgniter\Session\Handlers\FileHandler' driver.
INFO - 2024-04-26 10:49:09 --> Session: Class initialized using 'CodeIgniter\Session\Handlers\FileHandler' driver.
INFO - 2024-04-26 10:49:38 --> Session: Class initialized using 'CodeIgniter\Session\Handlers\FileHandler' driver.
INFO - 2024-04-26 10:49:57 --> Session: Class initialized using 'CodeIgniter\Session\Handlers\FileHandler' driver.
CRITICAL - 2024-04-26 10:52:54 --> ParseError: syntax error, unexpected token ";"
in APPPATH/Views/pages/shopping.php on line 274.
 1 SYSTEMPATH/View/View.php(231): CodeIgniter\View\View->CodeIgniter\View\{closure}()
 2 SYSTEMPATH/Common.php(1178): CodeIgniter\View\View->render()
 3 APPPATH/Controllers/NosvinsController.php(35): view()
 4 SYSTEMPATH/CodeIgniter.php(941): App\Controllers\NosvinsController->ProductLookupById()
 5 SYSTEMPATH/CodeIgniter.php(502): CodeIgniter\CodeIgniter->runController()
 6 SYSTEMPATH/CodeIgniter.php(361): CodeIgniter\CodeIgniter->handleRequest()
 7 FCPATH/index.php(79): CodeIgniter\CodeIgniter->run()
 8 SYSTEMPATH/Commands/Server/rewrite.php(47): require_once('/home/tony/Documents/site suzanne tony wine/wineshoop/public/index.php')
INFO - 2024-04-26 10:56:11 --> Session: Class initialized using 'CodeIgniter\Session\Handlers\FileHandler' driver.
INFO - 2024-04-26 11:00:21 --> Session: Class initialized using 'CodeIgniter\Session\Handlers\FileHandler' driver.
INFO - 2024-04-26 11:02:14 --> Session: Class initialized using 'CodeIgniter\Session\Handlers\FileHandler' driver.
INFO - 2024-04-26 11:02:47 --> Session: Class initialized using 'CodeIgniter\Session\Handlers\FileHandler' driver.
INFO - 2024-04-26 11:03:32 --> Session: Class initialized using 'CodeIgniter\Session\Handlers\FileHandler' driver.
INFO - 2024-04-26 11:03:58 --> Session: Class initialized using 'CodeIgniter\Session\Handlers\FileHandler' driver.
INFO - 2024-04-26 11:04:35 --> Session: Class initialized using 'CodeIgniter\Session\Handlers\FileHandler' driver.
INFO - 2024-04-26 11:07:57 --> Session: Class initialized using 'CodeIgniter\Session\Handlers\FileHandler' driver.
INFO - 2024-04-26 11:08:56 --> Session: Class initialized using 'CodeIgniter\Session\Handlers\FileHandler' driver.
INFO - 2024-04-26 11:09:28 --> Session: Class initialized using 'CodeIgniter\Session\Handlers\FileHandler' driver.
INFO - 2024-04-26 11:10:10 --> Session: Class initialized using 'CodeIgniter\Session\Handlers\FileHandler' driver.
INFO - 2024-04-26 11:15:02 --> Session: Class initialized using 'CodeIgniter\Session\Handlers\FileHandler' driver.
INFO - 2024-04-26 11:15:34 --> Session: Class initialized using 'CodeIgniter\Session\Handlers\FileHandler' driver.
INFO - 2024-04-26 11:16:04 --> Session: Class initialized using 'CodeIgniter\Session\Handlers\FileHandler' driver.
INFO - 2024-04-26 11:16:37 --> Session: Class initialized using 'CodeIgniter\Session\Handlers\FileHandler' driver.
INFO - 2024-04-26 11:16:55 --> Session: Class initialized using 'CodeIgniter\Session\Handlers\FileHandler' driver.
INFO - 2024-04-26 11:17:38 --> Session: Class initialized using 'CodeIgniter\Session\Handlers\FileHandler' driver.
INFO - 2024-04-26 11:18:46 --> Session: Class initialized using 'CodeIgniter\Session\Handlers\FileHandler' driver.
INFO - 2024-04-26 11:18:58 --> Session: Class initialized using 'CodeIgniter\Session\Handlers\FileHandler' driver.
INFO - 2024-04-26 11:19:03 --> Session: Class initialized using 'CodeIgniter\Session\Handlers\FileHandler' driver.
INFO - 2024-04-26 11:19:17 --> Session: Class initialized using 'CodeIgniter\Session\Handlers\FileHandler' driver.
INFO - 2024-04-26 11:19:29 --> Session: Class initialized using 'CodeIgniter\Session\Handlers\FileHandler' driver.
INFO - 2024-04-26 11:20:05 --> Session: Class initialized using 'CodeIgniter\Session\Handlers\FileHandler' driver.
INFO - 2024-04-26 11:20:53 --> Session: Class initialized using 'CodeIgniter\Session\Handlers\FileHandler' driver.
INFO - 2024-04-26 11:21:41 --> Session: Class initialized using 'CodeIgniter\Session\Handlers\FileHandler' driver.
INFO - 2024-04-26 11:21:54 --> Session: Class initialized using 'CodeIgniter\Session\Handlers\FileHandler' driver.
INFO - 2024-04-26 11:22:16 --> Session: Class initialized using 'CodeIgniter\Session\Handlers\FileHandler' driver.
INFO - 2024-04-26 11:22:44 --> Session: Class initialized using 'CodeIgniter\Session\Handlers\FileHandler' driver.
INFO - 2024-04-26 11:24:06 --> Session: Class initialized using 'CodeIgniter\Session\Handlers\FileHandler' driver.
INFO - 2024-04-26 11:24:37 --> Session: Class initialized using 'CodeIgniter\Session\Handlers\FileHandler' driver.
INFO - 2024-04-26 11:24:57 --> Session: Class initialized using 'CodeIgniter\Session\Handlers\FileHandler' driver.
INFO - 2024-04-26 11:25:13 --> Session: Class initialized using 'CodeIgniter\Session\Handlers\FileHandler' driver.
INFO - 2024-04-26 11:25:26 --> Session: Class initialized using 'CodeIgniter\Session\Handlers\FileHandler' driver.
INFO - 2024-04-26 11:27:27 --> Session: Class initialized using 'CodeIgniter\Session\Handlers\FileHandler' driver.
INFO - 2024-04-26 11:29:26 --> Session: Class initialized using 'CodeIgniter\Session\Handlers\FileHandler' driver.
INFO - 2024-04-26 11:30:39 --> Session: Class initialized using 'CodeIgniter\Session\Handlers\FileHandler' driver.
INFO - 2024-04-26 11:30:50 --> Session: Class initialized using 'CodeIgniter\Session\Handlers\FileHandler' driver.
INFO - 2024-04-26 11:31:18 --> Session: Class initialized using 'CodeIgniter\Session\Handlers\FileHandler' driver.
INFO - 2024-04-26 11:31:49 --> Session: Class initialized using 'CodeIgniter\Session\Handlers\FileHandler' driver.
INFO - 2024-04-26 11:32:06 --> Session: Class initialized using 'CodeIgniter\Session\Handlers\FileHandler' driver.
INFO - 2024-04-26 11:32:23 --> Session: Class initialized using 'CodeIgniter\Session\Handlers\FileHandler' driver.
INFO - 2024-04-26 11:32:31 --> Session: Class initialized using 'CodeIgniter\Session\Handlers\FileHandler' driver.
INFO - 2024-04-26 11:32:39 --> Session: Class initialized using 'CodeIgniter\Session\Handlers\FileHandler' driver.
INFO - 2024-04-26 11:33:03 --> Session: Class initialized using 'CodeIgniter\Session\Handlers\FileHandler' driver.
INFO - 2024-04-26 11:33:15 --> Session: Class initialized using 'CodeIgniter\Session\Handlers\FileHandler' driver.
INFO - 2024-04-26 11:33:22 --> Session: Class initialized using 'CodeIgniter\Session\Handlers\FileHandler' driver.
INFO - 2024-04-26 11:33:35 --> Session: Class initialized using 'CodeIgniter\Session\Handlers\FileHandler' driver.
